<?xml version="1.0" encoding="UTF-8"?>
<!-- Generated by org.testng.reporters.JUnitXMLReporter -->
<testsuite hostname="SJD-VPPTS-262" name="Default test" tests="1" failures="0" timestamp="25 Oct 2013 08:27:50 GMT" time="0.109" errors="0">
  <testcase name="@BeforeMethod setUp" time="0.0" classname="com.mycompany.app.WebdriverTest1">
    <failure type="org.testng.TestNGException" message="
Parameter &amp;apos;location&amp;apos; is required by @Configuration on method setUp but has not been marked @Optional or defined
in C:\Documents and Settings\biabraham\Local Settings\Temp\1\testng-eclipse-2031045709\testng-customsuite.xml">
      <![CDATA[org.testng.TestNGException: 
Parameter 'location' is required by @Configuration on method setUp but has not been marked @Optional or defined
in C:\Documents and Settings\biabraham\Local Settings\Temp\1\testng-eclipse-2031045709\testng-customsuite.xml
	at org.testng.internal.Parameters.createParameters(Parameters.java:155)
	at org.testng.internal.Parameters.createParameters(Parameters.java:355)
	at org.testng.internal.Parameters.createConfigurationParameters(Parameters.java:86)
	at org.testng.internal.Invoker.invokeConfigurations(Invoker.java:199)
	at org.testng.internal.Invoker.invokeMethod(Invoker.java:653)
	at org.testng.internal.Invoker.invokeTestMethod(Invoker.java:901)
	at org.testng.internal.Invoker.invokeTestMethods(Invoker.java:1231)
	at org.testng.internal.TestMethodWorker.invokeTestMethods(TestMethodWorker.java:128)
	at org.testng.internal.TestMethodWorker.run(TestMethodWorker.java:111)
	at java.util.concurrent.ThreadPoolExecutor$Worker.runTask(ThreadPoolExecutor.java:886)
	at java.util.concurrent.ThreadPoolExecutor$Worker.run(ThreadPoolExecutor.java:908)
	at java.lang.Thread.run(Thread.java:619)
]]>
    </failure>
  </testcase> <!-- @BeforeMethod setUp -->
  <testcase name="@AfterMethod tearDown" time="0.0" classname="com.mycompany.app.WebdriverTest1">
    <skipped/>
  </testcase> <!-- @AfterMethod tearDown -->
  <testcase name="launchBrowser" time="0.0" classname="com.mycompany.app.WebdriverTest1">
    <skipped/>
  </testcase> <!-- launchBrowser -->
</testsuite> <!-- Default test -->
